<?xml version="1.0" encoding="UTF-8"?>
<testsuite name="UsersControllerTest" tests="7" time="0.108928832" failures="0" errors="5" skipped="0" assertions="5" timestamp="2014-11-05T16:59:38-05:00">
  <testcase name="test_should_create_user" time="0.033183459" assertions="0">
    <error type="ActionView::Template::Error" message="ActionView::Template::Error: couldn't find file 'jquery.ui.core'...">
ActionView::Template::Error: couldn't find file 'jquery.ui.core'
  (in /home/yiyo/dev/modulo_seguimiento/implementacion/app/assets/stylesheets/application.css:16)
    app/views/layouts/application.html.erb:15:in `_app_views_layouts_application_html_erb___4473830424599349827_70130814648260'
    app/controllers/users_controller.rb:41:in `block (2 levels) in create'
    app/controllers/users_controller.rb:36:in `create'
    test/controllers/users_controller_test.rb:21:in `block (2 levels) in &lt;class:UsersControllerTest&gt;'
    test/controllers/users_controller_test.rb:20:in `block in &lt;class:UsersControllerTest&gt;' (ActionView::Template::Error)
/home/yiyo/dev/modulo_seguimiento/implementacion/test/controllers/users_controller_test.rb:20    </error>
  </testcase>
  <testcase name="test_should_destroy_user" time="0.011263692" assertions="3">
  </testcase>
  <testcase name="test_should_get_edit" time="0.021525126" assertions="0">
    <error type="ActionView::Template::Error" message="ActionView::Template::Error: couldn't find file 'jquery.ui.core'...">
ActionView::Template::Error: couldn't find file 'jquery.ui.core'
  (in /home/yiyo/dev/modulo_seguimiento/implementacion/app/assets/stylesheets/application.css:16)
    app/views/layouts/application.html.erb:15:in `_app_views_layouts_application_html_erb___4473830424599349827_70130814648260'
    test/controllers/users_controller_test.rb:33:in `block in &lt;class:UsersControllerTest&gt;' (ActionView::Template::Error)
/home/yiyo/.rbenv/versions/2.1.2/lib/ruby/gems/2.1.0/gems/sprockets-2.11.0/lib/sprockets/context.rb:106    </error>
  </testcase>
  <testcase name="test_should_get_index" time="0.019037675" assertions="0">
    <error type="ActionView::Template::Error" message="ActionView::Template::Error: couldn't find file 'jquery.ui.core'...">
ActionView::Template::Error: couldn't find file 'jquery.ui.core'
  (in /home/yiyo/dev/modulo_seguimiento/implementacion/app/assets/stylesheets/application.css:16)
    app/views/layouts/application.html.erb:15:in `_app_views_layouts_application_html_erb___4473830424599349827_70130814648260'
    test/controllers/users_controller_test.rb:9:in `block in &lt;class:UsersControllerTest&gt;' (ActionView::Template::Error)
/home/yiyo/.rbenv/versions/2.1.2/lib/ruby/gems/2.1.0/gems/sprockets-2.11.0/lib/sprockets/context.rb:106    </error>
  </testcase>
  <testcase name="test_should_get_new" time="0.013432316" assertions="0">
    <error type="ActionView::Template::Error" message="ActionView::Template::Error: couldn't find file 'jquery.ui.core'...">
ActionView::Template::Error: couldn't find file 'jquery.ui.core'
  (in /home/yiyo/dev/modulo_seguimiento/implementacion/app/assets/stylesheets/application.css:16)
    app/views/layouts/application.html.erb:15:in `_app_views_layouts_application_html_erb___4473830424599349827_70130814648260'
    test/controllers/users_controller_test.rb:15:in `block in &lt;class:UsersControllerTest&gt;' (ActionView::Template::Error)
/home/yiyo/.rbenv/versions/2.1.2/lib/ruby/gems/2.1.0/gems/sprockets-2.11.0/lib/sprockets/context.rb:106    </error>
  </testcase>
  <testcase name="test_should_show_user" time="0.019763224" assertions="0">
    <error type="ActionView::Template::Error" message="ActionView::Template::Error: couldn't find file 'jquery.ui.core'...">
ActionView::Template::Error: couldn't find file 'jquery.ui.core'
  (in /home/yiyo/dev/modulo_seguimiento/implementacion/app/assets/stylesheets/application.css:16)
    app/views/layouts/application.html.erb:15:in `_app_views_layouts_application_html_erb___4473830424599349827_70130814648260'
    test/controllers/users_controller_test.rb:28:in `block in &lt;class:UsersControllerTest&gt;' (ActionView::Template::Error)
/home/yiyo/.rbenv/versions/2.1.2/lib/ruby/gems/2.1.0/gems/sprockets-2.11.0/lib/sprockets/context.rb:106    </error>
  </testcase>
  <testcase name="test_should_update_user" time="0.00493918" assertions="2">
  </testcase>
</testsuite>
