<?xml version="1.0" encoding="UTF-8"?>
<testsuite name="DesembolsosControllerTest" tests="7" time="0.146869135" failures="0" errors="4" skipped="0" assertions="8" timestamp="2014-11-05T16:59:37-05:00">
  <testcase name="test_should_create_desembolso" time="0.030284884" assertions="3">
  </testcase>
  <testcase name="test_should_destroy_desembolso" time="0.007994435" assertions="3">
  </testcase>
  <testcase name="test_should_get_edit" time="0.053383749" assertions="0">
    <error type="ActionView::Template::Error" message="ActionView::Template::Error: couldn't find file 'jquery.ui.core'...">
ActionView::Template::Error: couldn't find file 'jquery.ui.core'
  (in /home/yiyo/dev/modulo_seguimiento/implementacion/app/assets/stylesheets/application.css:16)
    app/views/layouts/application.html.erb:15:in `_app_views_layouts_application_html_erb___4473830424599349827_70130814648260'
    test/controllers/desembolsos_controller_test.rb:33:in `block in &lt;class:DesembolsosControllerTest&gt;' (ActionView::Template::Error)
/home/yiyo/.rbenv/versions/2.1.2/lib/ruby/gems/2.1.0/gems/sprockets-2.11.0/lib/sprockets/context.rb:106    </error>
  </testcase>
  <testcase name="test_should_get_index" time="0.017835604" assertions="0">
    <error type="ActionView::Template::Error" message="ActionView::Template::Error: couldn't find file 'jquery.ui.core'...">
ActionView::Template::Error: couldn't find file 'jquery.ui.core'
  (in /home/yiyo/dev/modulo_seguimiento/implementacion/app/assets/stylesheets/application.css:16)
    app/views/layouts/application.html.erb:15:in `_app_views_layouts_application_html_erb___4473830424599349827_70130814648260'
    test/controllers/desembolsos_controller_test.rb:9:in `block in &lt;class:DesembolsosControllerTest&gt;' (ActionView::Template::Error)
/home/yiyo/.rbenv/versions/2.1.2/lib/ruby/gems/2.1.0/gems/sprockets-2.11.0/lib/sprockets/context.rb:106    </error>
  </testcase>
  <testcase name="test_should_get_new" time="0.022927105" assertions="0">
    <error type="ActionView::Template::Error" message="ActionView::Template::Error: couldn't find file 'jquery.ui.core'...">
ActionView::Template::Error: couldn't find file 'jquery.ui.core'
  (in /home/yiyo/dev/modulo_seguimiento/implementacion/app/assets/stylesheets/application.css:16)
    app/views/layouts/application.html.erb:15:in `_app_views_layouts_application_html_erb___4473830424599349827_70130814648260'
    test/controllers/desembolsos_controller_test.rb:15:in `block in &lt;class:DesembolsosControllerTest&gt;' (ActionView::Template::Error)
/home/yiyo/.rbenv/versions/2.1.2/lib/ruby/gems/2.1.0/gems/sprockets-2.11.0/lib/sprockets/context.rb:106    </error>
  </testcase>
  <testcase name="test_should_show_desembolso" time="0.017619843" assertions="0">
    <error type="ActionView::Template::Error" message="ActionView::Template::Error: couldn't find file 'jquery.ui.core'...">
ActionView::Template::Error: couldn't find file 'jquery.ui.core'
  (in /home/yiyo/dev/modulo_seguimiento/implementacion/app/assets/stylesheets/application.css:16)
    app/views/layouts/application.html.erb:15:in `_app_views_layouts_application_html_erb___4473830424599349827_70130814648260'
    test/controllers/desembolsos_controller_test.rb:28:in `block in &lt;class:DesembolsosControllerTest&gt;' (ActionView::Template::Error)
/home/yiyo/.rbenv/versions/2.1.2/lib/ruby/gems/2.1.0/gems/sprockets-2.11.0/lib/sprockets/context.rb:106    </error>
  </testcase>
  <testcase name="test_should_update_desembolso" time="0.00572057" assertions="2">
  </testcase>
</testsuite>
