<?xml version="1.0" encoding="UTF-8"?>
<testsuite name="UsuarioColsControllerTest" tests="7" time="0.098508933" failures="0" errors="4" skipped="0" assertions="8" timestamp="2014-11-05T16:59:37-05:00">
  <testcase name="test_should_create_usuario_col" time="0.013589146" assertions="3">
  </testcase>
  <testcase name="test_should_destroy_usuario_col" time="0.007392326" assertions="3">
  </testcase>
  <testcase name="test_should_get_edit" time="0.020393078" assertions="0">
    <error type="ActionView::Template::Error" message="ActionView::Template::Error: couldn't find file 'jquery.ui.core'...">
ActionView::Template::Error: couldn't find file 'jquery.ui.core'
  (in /home/yiyo/dev/modulo_seguimiento/implementacion/app/assets/stylesheets/application.css:16)
    app/views/layouts/application.html.erb:15:in `_app_views_layouts_application_html_erb___4473830424599349827_70130814648260'
    test/controllers/usuario_cols_controller_test.rb:33:in `block in &lt;class:UsuarioColsControllerTest&gt;' (ActionView::Template::Error)
/home/yiyo/.rbenv/versions/2.1.2/lib/ruby/gems/2.1.0/gems/sprockets-2.11.0/lib/sprockets/context.rb:106    </error>
  </testcase>
  <testcase name="test_should_get_index" time="0.018230839" assertions="0">
    <error type="ActionView::Template::Error" message="ActionView::Template::Error: couldn't find file 'jquery.ui.core'...">
ActionView::Template::Error: couldn't find file 'jquery.ui.core'
  (in /home/yiyo/dev/modulo_seguimiento/implementacion/app/assets/stylesheets/application.css:16)
    app/views/layouts/application.html.erb:15:in `_app_views_layouts_application_html_erb___4473830424599349827_70130814648260'
    test/controllers/usuario_cols_controller_test.rb:9:in `block in &lt;class:UsuarioColsControllerTest&gt;' (ActionView::Template::Error)
/home/yiyo/.rbenv/versions/2.1.2/lib/ruby/gems/2.1.0/gems/sprockets-2.11.0/lib/sprockets/context.rb:106    </error>
  </testcase>
  <testcase name="test_should_get_new" time="0.014997324" assertions="0">
    <error type="ActionView::Template::Error" message="ActionView::Template::Error: couldn't find file 'jquery.ui.core'...">
ActionView::Template::Error: couldn't find file 'jquery.ui.core'
  (in /home/yiyo/dev/modulo_seguimiento/implementacion/app/assets/stylesheets/application.css:16)
    app/views/layouts/application.html.erb:15:in `_app_views_layouts_application_html_erb___4473830424599349827_70130814648260'
    test/controllers/usuario_cols_controller_test.rb:15:in `block in &lt;class:UsuarioColsControllerTest&gt;' (ActionView::Template::Error)
/home/yiyo/.rbenv/versions/2.1.2/lib/ruby/gems/2.1.0/gems/sprockets-2.11.0/lib/sprockets/context.rb:106    </error>
  </testcase>
  <testcase name="test_should_show_usuario_col" time="0.018305483" assertions="0">
    <error type="ActionView::Template::Error" message="ActionView::Template::Error: couldn't find file 'jquery.ui.core'...">
ActionView::Template::Error: couldn't find file 'jquery.ui.core'
  (in /home/yiyo/dev/modulo_seguimiento/implementacion/app/assets/stylesheets/application.css:16)
    app/views/layouts/application.html.erb:15:in `_app_views_layouts_application_html_erb___4473830424599349827_70130814648260'
    test/controllers/usuario_cols_controller_test.rb:28:in `block in &lt;class:UsuarioColsControllerTest&gt;' (ActionView::Template::Error)
/home/yiyo/.rbenv/versions/2.1.2/lib/ruby/gems/2.1.0/gems/sprockets-2.11.0/lib/sprockets/context.rb:106    </error>
  </testcase>
  <testcase name="test_should_update_usuario_col" time="0.004493425" assertions="2">
  </testcase>
</testsuite>
