<?xml version="1.0" encoding="UTF-8"?>
<testsuite name="BecarioTest" tests="2" time="0.015781511" failures="0" errors="0" skipped="0" assertions="3" timestamp="2014-11-05T01:15:27-05:00">
  <testcase name="test_Ingreso_de_un_nuevo_becario" time="0.022455843" assertions="1">
  </testcase>
  <testcase name="test_Los_datos_de_prueba_estan_registrados" time="0.003623586" assertions="2">
  </testcase>
</testsuite>
