<?xml version="1.0" encoding="UTF-8"?>
<testsuite name="EvaluacionTest" tests="3" time="0.012759582" failures="0" errors="0" skipped="0" assertions="5" timestamp="2014-11-04T13:48:26-05:00">
  <testcase name="test_Ingreso_de_una_nueva_evaluacion" time="1.231070268" assertions="1">
  </testcase>
  <testcase name="test_Los_datos_de_prueba_estan_registrados" time="0.001903088" assertions="2">
  </testcase>
  <testcase name="test_la_evaluacion_del_50%_pertenece_a_un_evaluador_con_area_de_conocimiento_en_meserismo" time="0.01045798" assertions="2">
  </testcase>
</testsuite>
